mode: set
lanops/party-discord-bot/internal/config/config.go:10.20,15.24 3 1
lanops/party-discord-bot/internal/config/config.go:15.24,17.3 1 1
lanops/party-discord-bot/internal/config/config.go:19.2,20.30 2 1
lanops/party-discord-bot/internal/config/config.go:20.30,22.3 1 1
lanops/party-discord-bot/internal/config/config.go:24.2,25.32 2 1
lanops/party-discord-bot/internal/config/config.go:25.32,27.3 1 1
lanops/party-discord-bot/internal/config/config.go:30.2,31.40 2 1
lanops/party-discord-bot/internal/config/config.go:31.40,33.3 1 1
lanops/party-discord-bot/internal/config/config.go:34.2,35.40 2 1
lanops/party-discord-bot/internal/config/config.go:35.40,37.3 1 1
lanops/party-discord-bot/internal/config/config.go:38.2,39.39 2 1
lanops/party-discord-bot/internal/config/config.go:39.39,41.3 1 1
lanops/party-discord-bot/internal/config/config.go:44.2,45.36 2 1
lanops/party-discord-bot/internal/config/config.go:45.36,47.3 1 1
lanops/party-discord-bot/internal/config/config.go:48.2,49.36 2 1
lanops/party-discord-bot/internal/config/config.go:49.36,51.3 1 1
lanops/party-discord-bot/internal/config/config.go:52.2,53.31 2 1
lanops/party-discord-bot/internal/config/config.go:53.31,55.3 1 1
lanops/party-discord-bot/internal/config/config.go:56.2,72.3 3 1
lanops/party-discord-bot/internal/bot/handlers/streams/list/list.go:13.150,14.62 1 1
lanops/party-discord-bot/internal/bot/handlers/streams/list/list.go:14.62,19.17 5 1
lanops/party-discord-bot/internal/bot/handlers/streams/list/list.go:19.17,22.4 2 1
lanops/party-discord-bot/internal/bot/handlers/streams/list/list.go:22.9,24.35 2 1
lanops/party-discord-bot/internal/bot/handlers/streams/list/list.go:24.35,26.5 1 1
lanops/party-discord-bot/internal/bot/handlers/streams/list/list.go:27.4,27.25 1 1
lanops/party-discord-bot/internal/bot/handlers/streams/list/list.go:27.25,29.5 1 1
lanops/party-discord-bot/internal/bot/handlers/streams/list/list.go:31.3,31.50 1 1
lanops/party-discord-bot/internal/bot/handlers/help/help.go:13.150,14.62 1 1
lanops/party-discord-bot/internal/bot/handlers/help/help.go:14.62,28.3 3 1
lanops/party-discord-bot/internal/bot/handlers/help/help.go:31.52,33.22 2 1
lanops/party-discord-bot/internal/bot/handlers/help/help.go:33.22,35.3 1 1
lanops/party-discord-bot/internal/bot/handlers/help/help.go:36.2,39.25 3 1
lanops/party-discord-bot/internal/bot/handlers/help/help.go:39.25,41.3 1 1
lanops/party-discord-bot/internal/bot/handlers/help/help.go:42.2,42.12 1 1
lanops/party-discord-bot/internal/bot/handlers/jukebox/pause/pause.go:12.150,13.62 1 1
lanops/party-discord-bot/internal/bot/handlers/jukebox/pause/pause.go:13.62,17.47 4 1
lanops/party-discord-bot/internal/bot/handlers/jukebox/pause/pause.go:17.47,20.4 2 1
lanops/party-discord-bot/internal/bot/handlers/jukebox/pause/pause.go:20.9,22.4 1 1
lanops/party-discord-bot/internal/bot/handlers/jukebox/pause/pause.go:23.3,23.50 1 1
lanops/party-discord-bot/internal/bot/handlers/jukebox/stop/stop.go:12.150,13.62 1 1
lanops/party-discord-bot/internal/bot/handlers/jukebox/stop/stop.go:13.62,17.46 4 1
lanops/party-discord-bot/internal/bot/handlers/jukebox/stop/stop.go:17.46,20.4 2 1
lanops/party-discord-bot/internal/bot/handlers/jukebox/stop/stop.go:20.9,22.4 1 1
lanops/party-discord-bot/internal/bot/handlers/jukebox/stop/stop.go:23.3,23.50 1 1
lanops/party-discord-bot/internal/bot/handlers/jukebox/volume/volume.go:14.150,15.62 1 1
lanops/party-discord-bot/internal/bot/handlers/jukebox/volume/volume.go:15.62,19.21 4 1
lanops/party-discord-bot/internal/bot/handlers/jukebox/volume/volume.go:19.21,21.18 2 1
lanops/party-discord-bot/internal/bot/handlers/jukebox/volume/volume.go:21.18,24.5 2 1
lanops/party-discord-bot/internal/bot/handlers/jukebox/volume/volume.go:24.10,26.5 1 1
lanops/party-discord-bot/internal/bot/handlers/jukebox/volume/volume.go:27.9,29.18 2 1
lanops/party-discord-bot/internal/bot/handlers/jukebox/volume/volume.go:29.18,31.5 1 1
lanops/party-discord-bot/internal/bot/handlers/jukebox/volume/volume.go:32.4,32.64 1 1
lanops/party-discord-bot/internal/bot/handlers/jukebox/volume/volume.go:32.64,35.5 2 1
lanops/party-discord-bot/internal/bot/handlers/jukebox/volume/volume.go:35.10,37.5 1 1
lanops/party-discord-bot/internal/bot/handlers/jukebox/volume/volume.go:39.3,39.50 1 1
lanops/party-discord-bot/internal/bot/handlers/jukebox/current/current.go:11.150,16.16 5 1
lanops/party-discord-bot/internal/bot/handlers/jukebox/current/current.go:16.16,19.3 2 1
lanops/party-discord-bot/internal/bot/handlers/jukebox/current/current.go:20.2,20.49 1 1
lanops/party-discord-bot/internal/bot/handlers/jukebox/skip/skip.go:12.150,13.62 1 1
lanops/party-discord-bot/internal/bot/handlers/jukebox/skip/skip.go:13.62,17.46 4 1
lanops/party-discord-bot/internal/bot/handlers/jukebox/skip/skip.go:17.46,20.4 2 1
lanops/party-discord-bot/internal/bot/handlers/jukebox/skip/skip.go:20.9,22.4 1 1
lanops/party-discord-bot/internal/bot/handlers/jukebox/skip/skip.go:23.3,23.50 1 1
lanops/party-discord-bot/internal/bot/handlers/jukebox/start/start.go:12.150,13.62 1 1
lanops/party-discord-bot/internal/bot/handlers/jukebox/start/start.go:13.62,17.47 4 1
lanops/party-discord-bot/internal/bot/handlers/jukebox/start/start.go:17.47,20.4 2 1
lanops/party-discord-bot/internal/bot/handlers/jukebox/start/start.go:20.9,22.4 1 1
lanops/party-discord-bot/internal/bot/handlers/jukebox/start/start.go:23.3,23.50 1 1
lanops/party-discord-bot/internal/bot/handlers/streams/enable/enable.go:14.150,15.62 1 1
lanops/party-discord-bot/internal/bot/handlers/streams/enable/enable.go:15.62,21.35 6 1
lanops/party-discord-bot/internal/bot/handlers/streams/enable/enable.go:21.35,24.4 2 1
lanops/party-discord-bot/internal/bot/handlers/streams/enable/enable.go:25.3,26.17 2 1
lanops/party-discord-bot/internal/bot/handlers/streams/enable/enable.go:26.17,27.43 1 1
lanops/party-discord-bot/internal/bot/handlers/streams/enable/enable.go:27.43,29.5 1 1
lanops/party-discord-bot/internal/bot/handlers/streams/enable/enable.go:29.10,32.5 2 1
lanops/party-discord-bot/internal/bot/handlers/streams/enable/enable.go:34.3,34.50 1 1
lanops/party-discord-bot/internal/bot/handlers/registry.go:31.52,33.2 1 1
lanops/party-discord-bot/internal/bot/handlers/registry.go:35.13,50.2 10 1
lanops/party-discord-bot/internal/bot/handlers/router.go:12.114,13.18 1 1
lanops/party-discord-bot/internal/bot/handlers/router.go:13.18,15.3 1 1
lanops/party-discord-bot/internal/bot/handlers/router.go:17.2,17.62 1 1
lanops/party-discord-bot/internal/bot/handlers/router.go:17.62,19.3 1 1
lanops/party-discord-bot/internal/bot/handlers/router.go:21.2,23.21 3 1
lanops/party-discord-bot/internal/bot/handlers/router.go:23.21,25.3 1 1
lanops/party-discord-bot/internal/bot/handlers/router.go:27.2,27.34 1 1
lanops/party-discord-bot/internal/bot/handlers/router.go:27.34,29.39 2 1
lanops/party-discord-bot/internal/bot/handlers/router.go:29.39,32.4 2 1
lanops/party-discord-bot/internal/bot/handlers/router.go:36.112,39.2 1 1
lanops/party-discord-bot/internal/bot/main.go:15.109,23.78 2 1
lanops/party-discord-bot/internal/bot/main.go:23.78,25.3 1 0
lanops/party-discord-bot/internal/bot/main.go:26.2,26.78 1 1
lanops/party-discord-bot/internal/bot/main.go:26.78,28.3 1 0
lanops/party-discord-bot/internal/bot/main.go:31.2,33.20 2 1
lanops/party-discord-bot/internal/bot/main.go:36.35,38.41 1 1
lanops/party-discord-bot/internal/bot/main.go:38.41,40.3 1 1
lanops/party-discord-bot/internal/bot/main.go:41.2,48.12 5 0
lanops/party-discord-bot/cmd/discord-bot/main.go:21.13,33.12 6 0
lanops/party-discord-bot/cmd/discord-bot/main.go:33.12,34.26 1 0
lanops/party-discord-bot/cmd/discord-bot/main.go:34.26,35.22 1 0
lanops/party-discord-bot/cmd/discord-bot/main.go:35.22,37.5 1 0
lanops/party-discord-bot/cmd/discord-bot/main.go:37.10,39.5 1 0
lanops/party-discord-bot/cmd/discord-bot/main.go:43.2,45.16 3 0
lanops/party-discord-bot/cmd/discord-bot/main.go:45.16,47.3 1 0
lanops/party-discord-bot/cmd/discord-bot/main.go:49.2,50.16 2 0
lanops/party-discord-bot/cmd/discord-bot/main.go:50.16,52.3 1 0
lanops/party-discord-bot/cmd/discord-bot/main.go:54.2,54.40 1 0
lanops/party-discord-bot/cmd/discord-bot/main.go:54.40,56.3 1 0
lanops/party-discord-bot/internal/streams/stream.go:16.36,23.2 2 1
lanops/party-discord-bot/internal/streams/stream.go:25.60,27.16 2 1
lanops/party-discord-bot/internal/streams/stream.go:27.16,29.3 1 1
lanops/party-discord-bot/internal/streams/stream.go:30.2,32.16 3 1
lanops/party-discord-bot/internal/streams/stream.go:32.16,34.3 1 1
lanops/party-discord-bot/internal/streams/stream.go:35.2,36.38 2 1
lanops/party-discord-bot/internal/streams/stream.go:36.38,38.3 1 1
lanops/party-discord-bot/internal/streams/stream.go:39.2,40.16 2 1
lanops/party-discord-bot/internal/streams/stream.go:40.16,42.3 1 1
lanops/party-discord-bot/internal/streams/stream.go:43.2,43.21 1 1
lanops/party-discord-bot/internal/streams/stream.go:46.90,55.16 7 1
lanops/party-discord-bot/internal/streams/stream.go:55.16,57.3 1 0
lanops/party-discord-bot/internal/streams/stream.go:58.2,59.16 2 1
lanops/party-discord-bot/internal/streams/stream.go:59.16,61.3 1 1
lanops/party-discord-bot/internal/streams/stream.go:62.2,63.38 2 1
lanops/party-discord-bot/internal/streams/stream.go:63.38,64.45 1 1
lanops/party-discord-bot/internal/streams/stream.go:64.45,66.4 1 1
lanops/party-discord-bot/internal/streams/stream.go:66.9,68.4 1 1
lanops/party-discord-bot/internal/streams/stream.go:70.2,71.16 2 1
lanops/party-discord-bot/internal/streams/stream.go:71.16,73.3 1 1
lanops/party-discord-bot/internal/streams/stream.go:74.2,74.20 1 1
lanops/party-discord-bot/internal/streams/stream.go:77.73,79.16 2 1
lanops/party-discord-bot/internal/streams/stream.go:79.16,81.3 1 1
lanops/party-discord-bot/internal/streams/stream.go:82.2,84.16 3 1
lanops/party-discord-bot/internal/streams/stream.go:84.16,86.3 1 1
lanops/party-discord-bot/internal/streams/stream.go:87.2,88.41 2 1
lanops/party-discord-bot/internal/streams/stream.go:88.41,89.45 1 1
lanops/party-discord-bot/internal/streams/stream.go:89.45,91.4 1 1
lanops/party-discord-bot/internal/streams/stream.go:91.9,93.4 1 1
lanops/party-discord-bot/internal/streams/stream.go:95.2,96.16 2 1
lanops/party-discord-bot/internal/streams/stream.go:96.16,98.3 1 1
lanops/party-discord-bot/internal/streams/stream.go:99.2,99.20 1 1
lanops/party-discord-bot/internal/jukebox/jukebox.go:13.36,19.2 1 1
lanops/party-discord-bot/internal/jukebox/jukebox.go:21.31,23.16 2 1
lanops/party-discord-bot/internal/jukebox/jukebox.go:23.16,25.3 1 1
lanops/party-discord-bot/internal/jukebox/jukebox.go:26.2,28.16 3 1
lanops/party-discord-bot/internal/jukebox/jukebox.go:28.16,30.3 1 1
lanops/party-discord-bot/internal/jukebox/jukebox.go:31.2,31.28 1 1
lanops/party-discord-bot/internal/jukebox/jukebox.go:31.28,33.3 1 1
lanops/party-discord-bot/internal/jukebox/jukebox.go:34.2,34.12 1 1
lanops/party-discord-bot/internal/jukebox/jukebox.go:37.30,39.16 2 1
lanops/party-discord-bot/internal/jukebox/jukebox.go:39.16,41.3 1 1
lanops/party-discord-bot/internal/jukebox/jukebox.go:42.2,44.16 3 1
lanops/party-discord-bot/internal/jukebox/jukebox.go:44.16,46.3 1 1
lanops/party-discord-bot/internal/jukebox/jukebox.go:47.2,47.28 1 1
lanops/party-discord-bot/internal/jukebox/jukebox.go:47.28,49.3 1 1
lanops/party-discord-bot/internal/jukebox/jukebox.go:50.2,50.12 1 1
lanops/party-discord-bot/internal/jukebox/jukebox.go:53.31,55.16 2 1
lanops/party-discord-bot/internal/jukebox/jukebox.go:55.16,57.3 1 1
lanops/party-discord-bot/internal/jukebox/jukebox.go:58.2,60.16 3 1
lanops/party-discord-bot/internal/jukebox/jukebox.go:60.16,62.3 1 1
lanops/party-discord-bot/internal/jukebox/jukebox.go:63.2,63.28 1 1
lanops/party-discord-bot/internal/jukebox/jukebox.go:63.28,65.3 1 1
lanops/party-discord-bot/internal/jukebox/jukebox.go:66.2,66.12 1 1
lanops/party-discord-bot/internal/jukebox/jukebox.go:69.30,71.16 2 1
lanops/party-discord-bot/internal/jukebox/jukebox.go:71.16,73.3 1 1
lanops/party-discord-bot/internal/jukebox/jukebox.go:74.2,76.16 3 1
lanops/party-discord-bot/internal/jukebox/jukebox.go:76.16,78.3 1 1
lanops/party-discord-bot/internal/jukebox/jukebox.go:79.2,79.28 1 1
lanops/party-discord-bot/internal/jukebox/jukebox.go:79.28,81.3 1 1
lanops/party-discord-bot/internal/jukebox/jukebox.go:82.2,82.12 1 1
lanops/party-discord-bot/internal/jukebox/jukebox.go:85.45,92.16 5 1
lanops/party-discord-bot/internal/jukebox/jukebox.go:92.16,94.3 1 1
lanops/party-discord-bot/internal/jukebox/jukebox.go:95.2,97.16 3 1
lanops/party-discord-bot/internal/jukebox/jukebox.go:97.16,99.3 1 1
lanops/party-discord-bot/internal/jukebox/jukebox.go:100.2,100.28 1 1
lanops/party-discord-bot/internal/jukebox/jukebox.go:100.28,102.3 1 1
lanops/party-discord-bot/internal/jukebox/jukebox.go:103.2,103.12 1 1
lanops/party-discord-bot/internal/jukebox/jukebox.go:106.53,109.16 3 1
lanops/party-discord-bot/internal/jukebox/jukebox.go:109.16,111.3 1 1
lanops/party-discord-bot/internal/jukebox/jukebox.go:112.2,114.16 3 1
lanops/party-discord-bot/internal/jukebox/jukebox.go:114.16,116.3 1 1
lanops/party-discord-bot/internal/jukebox/jukebox.go:117.2,117.28 1 1
lanops/party-discord-bot/internal/jukebox/jukebox.go:117.28,119.3 1 1
lanops/party-discord-bot/internal/jukebox/jukebox.go:120.2,122.16 3 1
lanops/party-discord-bot/internal/jukebox/jukebox.go:122.16,124.3 1 1
lanops/party-discord-bot/internal/jukebox/jukebox.go:125.2,125.36 1 1
lanops/party-discord-bot/internal/jukebox/jukebox.go:128.68,131.16 3 1
lanops/party-discord-bot/internal/jukebox/jukebox.go:131.16,133.3 1 1
lanops/party-discord-bot/internal/jukebox/jukebox.go:134.2,135.16 2 1
lanops/party-discord-bot/internal/jukebox/jukebox.go:135.16,137.3 1 1
lanops/party-discord-bot/internal/jukebox/jukebox.go:138.2,138.28 1 1
lanops/party-discord-bot/internal/jukebox/jukebox.go:138.28,140.3 1 1
lanops/party-discord-bot/internal/jukebox/jukebox.go:141.2,143.16 3 1
lanops/party-discord-bot/internal/jukebox/jukebox.go:143.16,145.3 1 1
lanops/party-discord-bot/internal/jukebox/jukebox.go:147.2,147.113 1 1
